0 info it worked if it ends with ok
1 verbose cli [ 'C:\\Program Files\\nodejs\\node.exe',
1 verbose cli   'C:\\Program Files\\nodejs\\node_modules\\npm\\bin\\npm-cli.js',
1 verbose cli   'start' ]
2 info using npm@3.10.10
3 info using node@v6.10.2
4 verbose run-script [ 'prestart', 'start', 'poststart' ]
5 info lifecycle robobetty@0.6.0~prestart: robobetty@0.6.0
6 silly lifecycle robobetty@0.6.0~prestart: no script for prestart, continuing
7 info lifecycle robobetty@0.6.0~start: robobetty@0.6.0
8 verbose lifecycle robobetty@0.6.0~start: unsafe-perm in lifecycle true
9 verbose lifecycle robobetty@0.6.0~start: PATH: C:\Program Files\nodejs\node_modules\npm\bin\node-gyp-bin;C:\Users\Enzo\Documents\GitHub\SexyGeoHatters\node_modules\.bin;C:\Users\Enzo\AppData\Local\GitHub\PortableGit_f02737a78695063deace08e96d5042710d3e32db\cmd;C:\Users\Enzo\AppData\Local\GitHub\PortableGit_f02737a78695063deace08e96d5042710d3e32db\usr\bin;C:\Users\Enzo\AppData\Local\GitHub\PortableGit_f02737a78695063deace08e96d5042710d3e32db\usr\share\git-tfs;C:\Users\Enzo\AppData\Local\Apps\2.0\6QLLRLE3.EH8\98555KPC.M84\gith..tion_317444273a93ac29_0003.0003_5794af8169eeff14;C:\Users\Enzo\AppData\Local\GitHub\lfs-amd64_1.5.5;C:\ProgramData\Oracle\Java\javapath;C:\WINDOWS\system32;C:\WINDOWS;C:\WINDOWS\System32\Wbem;C:\Program Files\nodejs\;C:\Users\Enzo\AppData\Roaming\npm;C:\Windows\Microsoft.NET\Framework\v4.0.30319\
10 verbose lifecycle robobetty@0.6.0~start: CWD: C:\Users\Enzo\Documents\GitHub\SexyGeoHatters
11 silly lifecycle robobetty@0.6.0~start: Args: [ '/d /s /c', 'node ./bin/www' ]
12 silly lifecycle robobetty@0.6.0~start: Returned: code: 3221225786  signal: null
13 info lifecycle robobetty@0.6.0~start: Failed to exec start script
14 verbose stack Error: robobetty@0.6.0 start: `node ./bin/www`
14 verbose stack Exit status 3221225786
14 verbose stack     at EventEmitter.<anonymous> (C:\Program Files\nodejs\node_modules\npm\lib\utils\lifecycle.js:255:16)
14 verbose stack     at emitTwo (events.js:106:13)
14 verbose stack     at EventEmitter.emit (events.js:191:7)
14 verbose stack     at ChildProcess.<anonymous> (C:\Program Files\nodejs\node_modules\npm\lib\utils\spawn.js:40:14)
14 verbose stack     at emitTwo (events.js:106:13)
14 verbose stack     at ChildProcess.emit (events.js:191:7)
14 verbose stack     at maybeClose (internal/child_process.js:886:16)
14 verbose stack     at Process.ChildProcess._handle.onexit (internal/child_process.js:226:5)
15 verbose pkgid robobetty@0.6.0
16 verbose cwd C:\Users\Enzo\Documents\GitHub\SexyGeoHatters
17 error Windows_NT 6.3.9600
18 error argv "C:\\Program Files\\nodejs\\node.exe" "C:\\Program Files\\nodejs\\node_modules\\npm\\bin\\npm-cli.js" "start"
19 error node v6.10.2
20 error npm  v3.10.10
21 error code ELIFECYCLE
22 error robobetty@0.6.0 start: `node ./bin/www`
22 error Exit status 3221225786
23 error Failed at the robobetty@0.6.0 start script 'node ./bin/www'.
23 error Make sure you have the latest version of node.js and npm installed.
23 error If you do, this is most likely a problem with the robobetty package,
23 error not with npm itself.
23 error Tell the author that this fails on your system:
23 error     node ./bin/www
23 error You can get information on how to open an issue for this project with:
23 error     npm bugs robobetty
23 error Or if that isn't available, you can get their info via:
23 error     npm owner ls robobetty
23 error There is likely additional logging output above.
24 verbose exit [ 1, true ]
